Drill report for BeatMesh.kicad_pcb
Created on 2026-02-14T17:14:50-0500

Copper Layer Stackup:
    =============================================================
    L1 :  F.Cu                      front
    L2 :  B.Cu                      back


Drill file 'BeatMesh-PTH.drl' contains
    plated through holes:
    =============================================================
    T1  0.300mm  0.0118"  (20 holes)
    T2  0.400mm  0.0157"  (16 holes)
    T3  0.500mm  0.0197"  (32 holes)
    T4  0.600mm  0.0236"  (4 holes)  (with 4 slots)
    T5  0.700mm  0.0276"  (62 holes)
    T6  0.750mm  0.0295"  (3 holes)
    T7  0.800mm  0.0315"  (70 holes)
    T8  0.900mm  0.0354"  (6 holes)
    T9  1.000mm  0.0394"  (93 holes)  (with 75 slots)
    T10  1.200mm  0.0472"  (4 holes)
    T11  1.300mm  0.0512"  (7 holes)
    T12  3.200mm  0.1260"  (4 holes)

    Total plated holes count 321


Drill file 'BeatMesh-NPTH.drl' contains
    unplated through holes:
    =============================================================
    T1  2.400mm  0.0945"  (2 holes)

    Total unplated holes count 2
